<?xml version="1.0" encoding="UTF-8"?>
<testng-results ignored="0" total="1" passed="1" failed="0" skipped="0">
  <reporter-output>
  </reporter-output>
  <suite started-at="2024-03-11T11:54:13 IST" name="Suite" finished-at="2024-03-11T11:54:22 IST" duration-ms="9507">
    <groups>
    </groups>
    <test started-at="2024-03-11T11:54:13 IST" name="Test" finished-at="2024-03-11T11:54:22 IST" duration-ms="9507">
      <class name="Test.Test1_GoogleSearch2_TestNG">
        <test-method is-config="true" signature="setUpTest()[pri:0, instance:Test.Test1_GoogleSearch2_TestNG@248e319b]" started-at="2024-03-11T11:54:13 IST" name="setUpTest" finished-at="2024-03-11T11:54:19 IST" duration-ms="5883" status="PASS">
          <reporter-output>
          </reporter-output>
        </test-method> <!-- setUpTest -->
        <test-method signature="googleSearch()[pri:0, instance:Test.Test1_GoogleSearch2_TestNG@248e319b]" started-at="2024-03-11T11:54:19 IST" name="googleSearch" finished-at="2024-03-11T11:54:22 IST" duration-ms="3560" status="PASS">
          <reporter-output>
          </reporter-output>
        </test-method> <!-- googleSearch -->
        <test-method is-config="true" signature="tearDown()[pri:0, instance:Test.Test1_GoogleSearch2_TestNG@248e319b]" started-at="2024-03-11T11:54:22 IST" name="tearDown" finished-at="2024-03-11T11:54:22 IST" duration-ms="0" status="PASS">
          <reporter-output>
          </reporter-output>
        </test-method> <!-- tearDown -->
      </class> <!-- Test.Test1_GoogleSearch2_TestNG -->
    </test> <!-- Test -->
  </suite> <!-- Suite -->
</testng-results>
